<?xml version="1.0" encoding="UTF-8"?>
<!-- Generated by org.testng.reporters.JUnitReportReporter -->
<testsuite skipped="0" hostname="DESKTOP-O334I2L" name="com.cicdproject.Appointment" tests="1" failures="0" timestamp="24 Mar 2018 11:08:14 GMT" time="14.630" errors="0">
  <testcase name="test" time="14.630" classname="com.cicdproject.Appointment"/>
</testsuite> <!-- com.cicdproject.Appointment -->
